<?xml version="1.0" encoding="UTF-8"?>
<!-- Generated by org.testng.reporters.JUnitXMLReporter -->
<testsuite ignored="0" hostname="DESKTOP-OJKSNOG" failures="0" tests="4" name="My Test" time="14.858" errors="0" timestamp="2024-12-29T10:38:15 IST">
  <testcase classname="com.Scenario1.OHRMLoginandLogout" name="@AfterMethod logout" time="1.26">
    <failure type="java.lang.NullPointerException" message="Cannot invoke &amp;quot;com.aventstack.extentreports.ExtentReports.createTest(String)&amp;quot; because &amp;quot;this.report&amp;quot; is null">
      <![CDATA[java.lang.NullPointerException: Cannot invoke "com.aventstack.extentreports.ExtentReports.createTest(String)" because "this.report" is null
at com.Scenario1.OHRMLoginandLogout.logout(OHRMLoginandLogout.java:88)
at java.base/java.util.ArrayList.forEach(ArrayList.java:1511)
... Removed 32 stack frames]]>
    </failure>
  </testcase> <!-- @AfterMethod logout -->
  <testcase classname="com.Scenario1.OHRMLoginandLogout" name="@AfterMethod logout" time="0.0">
    <skipped/>
  </testcase> <!-- @AfterMethod logout -->
  <testcase classname="com.Scenario1.OHRMLoginandLogout" name="@AfterMethod logout" time="0.0">
    <skipped/>
  </testcase> <!-- @AfterMethod logout -->
  <testcase classname="com.Scenario1.OHRMLoginandLogout" name="@AfterMethod logout" time="0.0">
    <skipped/>
  </testcase> <!-- @AfterMethod logout -->
  <testcase classname="com.Scenario1.OHRMLoginandLogout" name="@AfterTest closebrowser" time="0.0">
    <skipped/>
  </testcase> <!-- @AfterTest closebrowser -->
  <testcase classname="com.Scenario1.OHRMLoginandLogout" name="test" time="3.739"/>
  <testcase classname="com.Scenario1.OHRMLoginandLogout" name="test" time="0.0">
    <skipped/>
  </testcase> <!-- test -->
  <testcase classname="com.Scenario1.OHRMLoginandLogout" name="test" time="0.0">
    <skipped/>
  </testcase> <!-- test -->
  <testcase classname="com.Scenario1.OHRMLoginandLogout" name="test" time="0.0">
    <skipped/>
  </testcase> <!-- test -->
</testsuite> <!-- My Test -->
