<?xml version="1.0" encoding="UTF-8"?>
<!-- Generated by org.testng.reporters.JUnitXMLReporter -->
<testsuite ignored="0" hostname="DESKTOP-OJKSNOG" failures="0" tests="21" name="Default test" time="36.299" errors="0" timestamp="2024-12-29T21:16:50 IST">
  <testcase classname="com.TestcasesMicroblaze.HomePageTest" name="test1" time="0.031"/>
  <testcase classname="com.TestcasesMicroblaze.HomePageTest" name="validatesignup" time="3.378"/>
  <testcase classname="com.TestcasesMicroblaze.HomePageTest" name="validatelogin" time="5.01"/>
  <testcase classname="com.TestcasesMicroblaze.HomePageTest" name="validatenumberofcategories" time="0.048"/>
  <testcase classname="com.TestcasesMicroblaze.HomePageTest" name="validateprintcategories" time="2.139"/>
  <testcase classname="com.TestcasesMicroblaze.HomePageTest" name="gotophones" time="1.417"/>
  <testcase classname="com.TestcasesMicroblaze.HomePageTest" name="validatenumberofphones" time="0.026"/>
  <testcase classname="com.TestcasesMicroblaze.HomePageTest" name="validateprintphones" time="2.23"/>
  <testcase classname="com.TestcasesMicroblaze.HomePageTest" name="gotolaptops" time="1.49"/>
  <testcase classname="com.TestcasesMicroblaze.HomePageTest" name="validatenumbeoflaptops" time="0.022"/>
  <testcase classname="com.TestcasesMicroblaze.HomePageTest" name="validateprintlaptops" time="1.12"/>
  <testcase classname="com.TestcasesMicroblaze.HomePageTest" name="gotomonitors" time="1.49"/>
  <testcase classname="com.TestcasesMicroblaze.HomePageTest" name="validatenumbeofmonitors" time="0.03"/>
  <testcase classname="com.TestcasesMicroblaze.HomePageTest" name="validateprintmonitors" time="1.068"/>
  <testcase classname="com.TestcasesMicroblaze.HomePageTest" name="buyamonitor" time="2.935"/>
  <testcase classname="com.TestcasesMicroblaze.HomePageTest" name="addPhoneToCart" time="2.36"/>
  <testcase classname="com.TestcasesMicroblaze.HomePageTest" name="opencart" time="1.025"/>
  <testcase classname="com.TestcasesMicroblaze.HomePageTest" name="placeorder" time="0.16"/>
  <testcase classname="com.TestcasesMicroblaze.HomePageTest" name="placeorderdetails" time="1.066"/>
  <testcase classname="com.TestcasesMicroblaze.HomePageTest" name="clickonpurchase" time="0.381"/>
  <testcase classname="com.TestcasesMicroblaze.HomePageTest" name="captureResponse" time="0.189"/>
</testsuite> <!-- Default test -->
