<?xml version="1.0" encoding="UTF-8"?>
<testng-results ignored="0" total="21" passed="21" failed="0" skipped="0">
  <reporter-output>
  </reporter-output>
  <suite started-at="2024-12-29T21:16:14 IST" name="Default suite" finished-at="2024-12-29T21:16:50 IST" duration-ms="36299">
    <groups>
    </groups>
    <test started-at="2024-12-29T21:16:14 IST" name="Default test" finished-at="2024-12-29T21:16:50 IST" duration-ms="36299">
      <class name="com.TestcasesMicroblaze.HomePageTest">
        <test-method is-config="true" signature="launchbrowser()[pri:0, instance:com.TestcasesMicroblaze.HomePageTest@53fb3dab]" started-at="2024-12-29T21:16:14 IST" name="launchbrowser" finished-at="2024-12-29T21:16:21 IST" duration-ms="7369" status="PASS">
          <reporter-output>
          </reporter-output>
        </test-method> <!-- launchbrowser -->
        <test-method signature="test1()[pri:1, instance:com.TestcasesMicroblaze.HomePageTest@53fb3dab]" started-at="2024-12-29T21:16:21 IST" name="test1" finished-at="2024-12-29T21:16:21 IST" duration-ms="31" status="PASS">
          <reporter-output>
          </reporter-output>
        </test-method> <!-- test1 -->
        <test-method signature="validatesignup()[pri:2, instance:com.TestcasesMicroblaze.HomePageTest@53fb3dab]" started-at="2024-12-29T21:16:21 IST" name="validatesignup" finished-at="2024-12-29T21:16:25 IST" duration-ms="3378" status="PASS">
          <reporter-output>
          </reporter-output>
        </test-method> <!-- validatesignup -->
        <test-method signature="validatelogin()[pri:3, instance:com.TestcasesMicroblaze.HomePageTest@53fb3dab]" started-at="2024-12-29T21:16:25 IST" name="validatelogin" finished-at="2024-12-29T21:16:30 IST" duration-ms="5010" status="PASS">
          <reporter-output>
          </reporter-output>
        </test-method> <!-- validatelogin -->
        <test-method signature="validatenumberofcategories()[pri:4, instance:com.TestcasesMicroblaze.HomePageTest@53fb3dab]" started-at="2024-12-29T21:16:30 IST" name="validatenumberofcategories" finished-at="2024-12-29T21:16:30 IST" duration-ms="48" status="PASS">
          <reporter-output>
          </reporter-output>
        </test-method> <!-- validatenumberofcategories -->
        <test-method signature="validateprintcategories()[pri:5, instance:com.TestcasesMicroblaze.HomePageTest@53fb3dab]" started-at="2024-12-29T21:16:30 IST" name="validateprintcategories" finished-at="2024-12-29T21:16:32 IST" duration-ms="2139" status="PASS">
          <reporter-output>
          </reporter-output>
        </test-method> <!-- validateprintcategories -->
        <test-method signature="gotophones()[pri:6, instance:com.TestcasesMicroblaze.HomePageTest@53fb3dab]" started-at="2024-12-29T21:16:32 IST" name="gotophones" finished-at="2024-12-29T21:16:33 IST" duration-ms="1417" status="PASS">
          <reporter-output>
          </reporter-output>
        </test-method> <!-- gotophones -->
        <test-method signature="validatenumberofphones()[pri:7, instance:com.TestcasesMicroblaze.HomePageTest@53fb3dab]" started-at="2024-12-29T21:16:33 IST" name="validatenumberofphones" finished-at="2024-12-29T21:16:33 IST" duration-ms="26" status="PASS">
          <reporter-output>
          </reporter-output>
        </test-method> <!-- validatenumberofphones -->
        <test-method signature="validateprintphones()[pri:8, instance:com.TestcasesMicroblaze.HomePageTest@53fb3dab]" started-at="2024-12-29T21:16:33 IST" name="validateprintphones" finished-at="2024-12-29T21:16:35 IST" duration-ms="2230" status="PASS">
          <reporter-output>
          </reporter-output>
        </test-method> <!-- validateprintphones -->
        <test-method signature="gotolaptops()[pri:9, instance:com.TestcasesMicroblaze.HomePageTest@53fb3dab]" started-at="2024-12-29T21:16:35 IST" name="gotolaptops" finished-at="2024-12-29T21:16:37 IST" duration-ms="1490" status="PASS">
          <reporter-output>
          </reporter-output>
        </test-method> <!-- gotolaptops -->
        <test-method signature="validatenumbeoflaptops()[pri:10, instance:com.TestcasesMicroblaze.HomePageTest@53fb3dab]" started-at="2024-12-29T21:16:37 IST" name="validatenumbeoflaptops" finished-at="2024-12-29T21:16:37 IST" duration-ms="22" status="PASS">
          <reporter-output>
          </reporter-output>
        </test-method> <!-- validatenumbeoflaptops -->
        <test-method signature="validateprintlaptops()[pri:11, instance:com.TestcasesMicroblaze.HomePageTest@53fb3dab]" started-at="2024-12-29T21:16:37 IST" name="validateprintlaptops" finished-at="2024-12-29T21:16:38 IST" duration-ms="1120" status="PASS">
          <reporter-output>
          </reporter-output>
        </test-method> <!-- validateprintlaptops -->
        <test-method signature="gotomonitors()[pri:12, instance:com.TestcasesMicroblaze.HomePageTest@53fb3dab]" started-at="2024-12-29T21:16:38 IST" name="gotomonitors" finished-at="2024-12-29T21:16:40 IST" duration-ms="1490" status="PASS">
          <reporter-output>
          </reporter-output>
        </test-method> <!-- gotomonitors -->
        <test-method signature="validatenumbeofmonitors()[pri:13, instance:com.TestcasesMicroblaze.HomePageTest@53fb3dab]" started-at="2024-12-29T21:16:40 IST" name="validatenumbeofmonitors" finished-at="2024-12-29T21:16:40 IST" duration-ms="30" status="PASS">
          <reporter-output>
          </reporter-output>
        </test-method> <!-- validatenumbeofmonitors -->
        <test-method signature="validateprintmonitors()[pri:14, instance:com.TestcasesMicroblaze.HomePageTest@53fb3dab]" started-at="2024-12-29T21:16:40 IST" name="validateprintmonitors" finished-at="2024-12-29T21:16:41 IST" duration-ms="1068" status="PASS">
          <reporter-output>
          </reporter-output>
        </test-method> <!-- validateprintmonitors -->
        <test-method signature="buyamonitor()[pri:15, instance:com.TestcasesMicroblaze.HomePageTest@53fb3dab]" started-at="2024-12-29T21:16:41 IST" name="buyamonitor" finished-at="2024-12-29T21:16:44 IST" duration-ms="2935" status="PASS">
          <reporter-output>
          </reporter-output>
        </test-method> <!-- buyamonitor -->
        <test-method signature="addPhoneToCart()[pri:16, instance:com.TestcasesMicroblaze.HomePageTest@53fb3dab]" started-at="2024-12-29T21:16:44 IST" name="addPhoneToCart" finished-at="2024-12-29T21:16:46 IST" duration-ms="2360" status="PASS">
          <reporter-output>
          </reporter-output>
        </test-method> <!-- addPhoneToCart -->
        <test-method signature="opencart()[pri:17, instance:com.TestcasesMicroblaze.HomePageTest@53fb3dab]" started-at="2024-12-29T21:16:46 IST" name="opencart" finished-at="2024-12-29T21:16:47 IST" duration-ms="1025" status="PASS">
          <reporter-output>
          </reporter-output>
        </test-method> <!-- opencart -->
        <test-method signature="placeorder()[pri:18, instance:com.TestcasesMicroblaze.HomePageTest@53fb3dab]" started-at="2024-12-29T21:16:47 IST" name="placeorder" finished-at="2024-12-29T21:16:47 IST" duration-ms="160" status="PASS">
          <reporter-output>
          </reporter-output>
        </test-method> <!-- placeorder -->
        <test-method signature="placeorderdetails()[pri:19, instance:com.TestcasesMicroblaze.HomePageTest@53fb3dab]" started-at="2024-12-29T21:16:47 IST" name="placeorderdetails" finished-at="2024-12-29T21:16:48 IST" duration-ms="1066" status="PASS">
          <reporter-output>
          </reporter-output>
        </test-method> <!-- placeorderdetails -->
        <test-method signature="clickonpurchase()[pri:20, instance:com.TestcasesMicroblaze.HomePageTest@53fb3dab]" started-at="2024-12-29T21:16:48 IST" name="clickonpurchase" finished-at="2024-12-29T21:16:49 IST" duration-ms="381" status="PASS">
          <reporter-output>
          </reporter-output>
        </test-method> <!-- clickonpurchase -->
        <test-method signature="captureResponse()[pri:21, instance:com.TestcasesMicroblaze.HomePageTest@53fb3dab]" started-at="2024-12-29T21:16:49 IST" name="captureResponse" finished-at="2024-12-29T21:16:49 IST" duration-ms="189" status="PASS">
          <reporter-output>
          </reporter-output>
        </test-method> <!-- captureResponse -->
        <test-method is-config="true" signature="aftertest()[pri:0, instance:com.TestcasesMicroblaze.HomePageTest@53fb3dab]" started-at="2024-12-29T21:16:49 IST" name="aftertest" finished-at="2024-12-29T21:16:50 IST" duration-ms="1181" status="PASS">
          <reporter-output>
          </reporter-output>
        </test-method> <!-- aftertest -->
      </class> <!-- com.TestcasesMicroblaze.HomePageTest -->
    </test> <!-- Default test -->
  </suite> <!-- Default suite -->
</testng-results>
